<?xml version="1.0" encoding="UTF-8"?>
<QCARConfig>
    <Tracking>
        <ImageTarget name="test-10cm-flat" size="0.100000 0.100000"/>
        <ImageTarget name="test-10cm-cube.Left" size="0.100000 0.100000"/>
        <ImageTarget name="test-10cm-cube.Top" size="0.100000 0.100000"/>
        <ImageTarget name="test-10cm-cube.Front" size="0.100000 0.100000"/>
        <ImageTarget name="test-10cm-cube.Right" size="0.100000 0.100000"/>
        <ImageTarget name="test-10cm-cube.Back" size="0.100000 0.100000"/>
        <ImageTarget name="test-10cm-cube.Bottom" size="0.100000 0.100000"/>
        <MultiTarget name="test-10cm-cube">
            <Part name="test-10cm-cube.Left" translation="-0.05000000074505806 0 0" rotation="AD: 0 1 0 -90"/>
            <Part name="test-10cm-cube.Right" translation="0.05000000074505806 0 0" rotation="AD: 0 1 0 90"/>
            <Part name="test-10cm-cube.Front" translation="0 0 0.05000000074505806" rotation="AD: 1 0 0 0"/>
            <Part name="test-10cm-cube.Back" translation="0 0 -0.05000000074505806" rotation="AD: 0 1 0 180"/>
            <Part name="test-10cm-cube.Top" translation="0 0.05000000074505806 0" rotation="AD: 1 0 0 -90"/>
            <Part name="test-10cm-cube.Bottom" translation="0 -0.05000000074505806 0" rotation="AD: 1 0 0 90"/>
        </MultiTarget>
    </Tracking>
</QCARConfig>
